00:00:00.004177 VirtualBox DHCP Server 6.1.4 r136177 linux.amd64 (Mar  9 2020 22:39:15) release log
00:00:00.004179 Log opened 2020-03-27T16:41:13.725896000Z
00:00:00.004180 Build Type: release
00:00:00.004182 OS Product: Linux
00:00:00.004183 OS Release: 5.5.8-arch1-1
00:00:00.004184 OS Version: #1 SMP PREEMPT Fri, 06 Mar 2020 00:57:33 +0000
00:00:00.004203 DMI Product Name: System Product Name
00:00:00.004209 DMI Product Version: System Version
00:00:00.004213 Firmware type: UEFI
00:00:00.004866 Secure Boot: Disabled
00:00:00.004898 Host RAM: 13992MB (13.6GB) total, 10260MB (10.0GB) available
00:00:00.004901 Executable: /usr/lib/virtualbox/VBoxNetDHCP
00:00:00.004901 Process ID: 12427
00:00:00.004902 Package type: LINUX_64BITS_GENERIC (OSE)
00:00:00.004921 --config:  HostInterfaceNetworking-vboxnet0
00:00:00.004923 --comment: HostInterfaceNetworking-vboxnet0
00:00:00.005009 IP address:   192.168.56.100/24
00:00:00.005015 Address pool: 192.168.56.101 - 192.168.56.254
00:00:00.005050 MAC address is not specified: will use generated MAC 08:00:27:73:1c:90
00:00:00.005056 Db::i_enterFixedAddressAssignment: 08:00:27:73:1c:90: 192.168.56.100
00:00:00.005060 loading leases from /home/nameer/.config/VirtualBox/HostInterfaceNetworking-vboxnet0-Dhcpd.leases
00:00:00.005606 > LOAD: EXPIRED lease 192.168.56.101 to 08:00:27:3f:8e:f6, expired, valid from 2020-03-25T20:04:34Z for 600s until 2020-03-25T20:14:34Z
00:00:07.161712 DISCOVER xid 0x00000ff9 chaddr 08:00:27:3f:8e:f6
00:00:07.161754  ciaddr 0.0.0.0
00:00:07.161760  params { 1 3 6 28 }
00:00:07.161773 > allocateAddress to client 08:00:27:3f:8e:f6
00:00:07.161777 > ... found existing binding 192.168.56.101 to 08:00:27:3f:8e:f6, expired, valid from 2020-03-25T20:04:34Z for 600s until 2020-03-25T20:14:34Z
00:00:07.161787 Lease time 600 secs (default)
00:00:07.161794 >>> requested option 1 (SubnetMask)
00:00:07.161796 ... always supplied
00:00:07.161798 >>> requested option 3 (Routers)
00:00:07.161801 ... not found
00:00:07.161803 >>> requested option 6 (DNSes)
00:00:07.161805 ... not found
00:00:07.161807 >>> requested option 28 (BroadcastAddress)
00:00:07.161809 ... not found
00:00:07.161812 encoding option 1 (SubnetMask)
00:00:07.161815 encoding option 51 (LeaseTime)
00:00:07.161818 OFFER xid 0x00000ff9 chaddr 08:00:27:3f:8e:f6
00:00:07.161824  ciaddr 0.0.0.0 yiaddr 192.168.56.101
00:00:07.161830 encoded message: 548 bytes
00:00:07.161832 00007f1ca80014a0/0000: 02 01 06 00 f9 0f 00 00-00 00 00 00 00 00 00 00 ................
00:00:07.161835 00007f1ca80014b0/0010: c0 a8 38 65 00 00 00 00-00 00 00 00 08 00 27 3f ..8e..........'?
00:00:07.161838 00007f1ca80014c0/0020: 8e f6 00 00 00 00 00 00-00 00 00 00 00 00 00 00 ................
00:00:07.161840 00007f1ca80014d0/0030: 00 00 00 00 00 00 00 00-00 00 00 00 00 00 00 00 ................
00:00:07.161842 00007f1ca80014e0/0040: 00 00 00 00 00 00 00 00-00 00 00 00 00 00 00 00 ................
00:00:07.161844 00007f1ca80014f0/0050: 00 00 00 00 00 00 00 00-00 00 00 00 00 00 00 00 ................
00:00:07.161846 00007f1ca8001500/0060: 00 00 00 00 00 00 00 00-00 00 00 00 00 00 00 00 ................
00:00:07.161848 00007f1ca8001510/0070: 00 00 00 00 00 00 00 00-00 00 00 00 00 00 00 00 ................
00:00:07.161850 00007f1ca8001520/0080: 00 00 00 00 00 00 00 00-00 00 00 00 00 00 00 00 ................
00:00:07.161852 00007f1ca8001530/0090: 00 00 00 00 00 00 00 00-00 00 00 00 00 00 00 00 ................
00:00:07.161854 00007f1ca8001540/00a0: 00 00 00 00 00 00 00 00-00 00 00 00 00 00 00 00 ................
00:00:07.161856 00007f1ca8001550/00b0: 00 00 00 00 00 00 00 00-00 00 00 00 00 00 00 00 ................
00:00:07.161858 00007f1ca8001560/00c0: 00 00 00 00 00 00 00 00-00 00 00 00 00 00 00 00 ................
00:00:07.161860 00007f1ca8001570/00d0: 00 00 00 00 00 00 00 00-00 00 00 00 00 00 00 00 ................
00:00:07.161862 00007f1ca8001580/00e0: 00 00 00 00 00 00 00 00-00 00 00 00 63 82 53 63 ............c.Sc
00:00:07.161865 00007f1ca8001590/00f0: 36 04 c0 a8 38 64 35 01-02 01 04 ff ff ff 00 33 6...8d5........3
00:00:07.161867 00007f1ca80015a0/0100: 04 00 00 02 58 ff 00 00-00 00 00 00 00 00 00 00 ....X...........
00:00:07.161869 00007f1ca80015b0/0110: 00 00 00 00 00 00 00 00-00 00 00 00 00 00 00 00 ................
00:00:07.161871 00007f1ca80015c0/0120: 00 00 00 00 00 00 00 00-00 00 00 00 00 00 00 00 ................
00:00:07.161873 00007f1ca80015d0/0130: 00 00 00 00 00 00 00 00-00 00 00 00 00 00 00 00 ................
00:00:07.161875 00007f1ca80015e0/0140: 00 00 00 00 00 00 00 00-00 00 00 00 00 00 00 00 ................
00:00:07.161877 00007f1ca80015f0/0150: 00 00 00 00 00 00 00 00-00 00 00 00 00 00 00 00 ................
00:00:07.161879 00007f1ca8001600/0160: 00 00 00 00 00 00 00 00-00 00 00 00 00 00 00 00 ................
00:00:07.161881 00007f1ca8001610/0170: 00 00 00 00 00 00 00 00-00 00 00 00 00 00 00 00 ................
00:00:07.161883 00007f1ca8001620/0180: 00 00 00 00 00 00 00 00-00 00 00 00 00 00 00 00 ................
00:00:07.161885 00007f1ca8001630/0190: 00 00 00 00 00 00 00 00-00 00 00 00 00 00 00 00 ................
00:00:07.161887 00007f1ca8001640/01a0: 00 00 00 00 00 00 00 00-00 00 00 00 00 00 00 00 ................
00:00:07.161889 00007f1ca8001650/01b0: 00 00 00 00 00 00 00 00-00 00 00 00 00 00 00 00 ................
00:00:07.161891 00007f1ca8001660/01c0: 00 00 00 00 00 00 00 00-00 00 00 00 00 00 00 00 ................
00:00:07.161893 00007f1ca8001670/01d0: 00 00 00 00 00 00 00 00-00 00 00 00 00 00 00 00 ................
00:00:07.161895 00007f1ca8001680/01e0: 00 00 00 00 00 00 00 00-00 00 00 00 00 00 00 00 ................
00:00:07.161897 00007f1ca8001690/01f0: 00 00 00 00 00 00 00 00-00 00 00 00 00 00 00 00 ................
00:00:07.161900 00007f1ca80016a0/0200: 00 00 00 00 00 00 00 00-00 00 00 00 00 00 00 00 ................
00:00:07.161902 00007f1ca80016b0/0210: 00 00 00 00 00 00 00 00-00 00 00 00 00 00 00 00 ................
00:00:07.161904 00007f1ca80016c0/0220: 00 00 00 00                                     ....
00:00:07.162211 REQUEST xid 0x00000ffa chaddr 08:00:27:3f:8e:f6
00:00:07.162223  ciaddr 0.0.0.0
00:00:07.162227  for server 192.168.56.100 requested address 192.168.56.101
00:00:07.162235  params { 1 3 6 28 }
00:00:07.162247   54: c0 a8 38 64
00:00:07.162251 > allocateAddress 192.168.56.101 to client 08:00:27:3f:8e:f6
00:00:07.162255 > ... found existing binding 192.168.56.101 to 08:00:27:3f:8e:f6, offered, valid from 2020-03-27T16:41:20Z for 600s until 2020-03-27T16:51:20Z
00:00:07.162262 Lease time 600 secs (default)
00:00:07.162265 writing leases to /home/nameer/.config/VirtualBox/HostInterfaceNetworking-vboxnet0-Dhcpd.leases
00:00:07.166269 >>> requested option 1 (SubnetMask)
00:00:07.166284 ... always supplied
00:00:07.166287 >>> requested option 3 (Routers)
00:00:07.166289 ... not found
00:00:07.166292 >>> requested option 6 (DNSes)
00:00:07.166294 ... not found
00:00:07.166296 >>> requested option 28 (BroadcastAddress)
00:00:07.166299 ... not found
00:00:07.166303 encoding option 1 (SubnetMask)
00:00:07.166306 encoding option 51 (LeaseTime)
00:00:07.166309 ACK xid 0x00000ffa chaddr 08:00:27:3f:8e:f6
00:00:07.166318  ciaddr 0.0.0.0 yiaddr 192.168.56.101
00:00:07.166325 encoded message: 548 bytes
00:00:07.166327 00007f1ca80014a0/0000: 02 01 06 00 fa 0f 00 00-00 00 00 00 00 00 00 00 ................
00:00:07.166330 00007f1ca80014b0/0010: c0 a8 38 65 00 00 00 00-00 00 00 00 08 00 27 3f ..8e..........'?
00:00:07.166332 00007f1ca80014c0/0020: 8e f6 00 00 00 00 00 00-00 00 00 00 00 00 00 00 ................
00:00:07.166335 00007f1ca80014d0/0030: 00 00 00 00 00 00 00 00-00 00 00 00 00 00 00 00 ................
00:00:07.166337 00007f1ca80014e0/0040: 00 00 00 00 00 00 00 00-00 00 00 00 00 00 00 00 ................
00:00:07.166339 00007f1ca80014f0/0050: 00 00 00 00 00 00 00 00-00 00 00 00 00 00 00 00 ................
00:00:07.166342 00007f1ca8001500/0060: 00 00 00 00 00 00 00 00-00 00 00 00 00 00 00 00 ................
00:00:07.166344 00007f1ca8001510/0070: 00 00 00 00 00 00 00 00-00 00 00 00 00 00 00 00 ................
00:00:07.166346 00007f1ca8001520/0080: 00 00 00 00 00 00 00 00-00 00 00 00 00 00 00 00 ................
00:00:07.166349 00007f1ca8001530/0090: 00 00 00 00 00 00 00 00-00 00 00 00 00 00 00 00 ................
00:00:07.166351 00007f1ca8001540/00a0: 00 00 00 00 00 00 00 00-00 00 00 00 00 00 00 00 ................
00:00:07.166353 00007f1ca8001550/00b0: 00 00 00 00 00 00 00 00-00 00 00 00 00 00 00 00 ................
00:00:07.166355 00007f1ca8001560/00c0: 00 00 00 00 00 00 00 00-00 00 00 00 00 00 00 00 ................
00:00:07.166358 00007f1ca8001570/00d0: 00 00 00 00 00 00 00 00-00 00 00 00 00 00 00 00 ................
00:00:07.166360 00007f1ca8001580/00e0: 00 00 00 00 00 00 00 00-00 00 00 00 63 82 53 63 ............c.Sc
00:00:07.166362 00007f1ca8001590/00f0: 36 04 c0 a8 38 64 35 01-05 01 04 ff ff ff 00 33 6...8d5........3
00:00:07.166365 00007f1ca80015a0/0100: 04 00 00 02 58 ff 00 00-00 00 00 00 00 00 00 00 ....X...........
00:00:07.166367 00007f1ca80015b0/0110: 00 00 00 00 00 00 00 00-00 00 00 00 00 00 00 00 ................
00:00:07.166369 00007f1ca80015c0/0120: 00 00 00 00 00 00 00 00-00 00 00 00 00 00 00 00 ................
00:00:07.166372 00007f1ca80015d0/0130: 00 00 00 00 00 00 00 00-00 00 00 00 00 00 00 00 ................
00:00:07.166374 00007f1ca80015e0/0140: 00 00 00 00 00 00 00 00-00 00 00 00 00 00 00 00 ................
00:00:07.166376 00007f1ca80015f0/0150: 00 00 00 00 00 00 00 00-00 00 00 00 00 00 00 00 ................
00:00:07.166379 00007f1ca8001600/0160: 00 00 00 00 00 00 00 00-00 00 00 00 00 00 00 00 ................
00:00:07.166381 00007f1ca8001610/0170: 00 00 00 00 00 00 00 00-00 00 00 00 00 00 00 00 ................
00:00:07.166383 00007f1ca8001620/0180: 00 00 00 00 00 00 00 00-00 00 00 00 00 00 00 00 ................
00:00:07.166386 00007f1ca8001630/0190: 00 00 00 00 00 00 00 00-00 00 00 00 00 00 00 00 ................
00:00:07.166388 00007f1ca8001640/01a0: 00 00 00 00 00 00 00 00-00 00 00 00 00 00 00 00 ................
00:00:07.166390 00007f1ca8001650/01b0: 00 00 00 00 00 00 00 00-00 00 00 00 00 00 00 00 ................
00:00:07.166393 00007f1ca8001660/01c0: 00 00 00 00 00 00 00 00-00 00 00 00 00 00 00 00 ................
00:00:07.166395 00007f1ca8001670/01d0: 00 00 00 00 00 00 00 00-00 00 00 00 00 00 00 00 ................
00:00:07.166397 00007f1ca8001680/01e0: 00 00 00 00 00 00 00 00-00 00 00 00 00 00 00 00 ................
00:00:07.166400 00007f1ca8001690/01f0: 00 00 00 00 00 00 00 00-00 00 00 00 00 00 00 00 ................
00:00:07.166402 00007f1ca80016a0/0200: 00 00 00 00 00 00 00 00-00 00 00 00 00 00 00 00 ................
00:00:07.166404 00007f1ca80016b0/0210: 00 00 00 00 00 00 00 00-00 00 00 00 00 00 00 00 ................
00:00:07.166406 00007f1ca80016c0/0220: 00 00 00 00                                     ....
