00:00:00.003728 main     VirtualBox XPCOM Server 6.1.4 r136177 linux.amd64 (Mar  9 2020 22:39:15) release log
00:00:00.003731 main     Log opened 2020-04-29T09:32:56.991973000Z
00:00:00.003731 main     Build Type: release
00:00:00.003733 main     OS Product: Linux
00:00:00.003733 main     OS Release: 5.5.8-arch1-1
00:00:00.003734 main     OS Version: #1 SMP PREEMPT Fri, 06 Mar 2020 00:57:33 +0000
00:00:00.003752 main     DMI Product Name: System Product Name
00:00:00.003756 main     DMI Product Version: System Version
00:00:00.003760 main     Firmware type: UEFI
00:00:00.004397 main     Secure Boot: Disabled
00:00:00.004425 main     Host RAM: 13992MB (13.6GB) total, 12105MB (11.8GB) available
00:00:00.004430 main     Executable: /usr/lib/virtualbox/VBoxSVC
00:00:00.004430 main     Process ID: 3681
00:00:00.004431 main     Package type: LINUX_64BITS_GENERIC (OSE)
00:00:00.005704 main     IPC socket path: /tmp/.vbox-nameer-ipc/ipcd
00:00:00.117080 nspr-2   VirtualBox: object creation starts
00:00:00.117171 nspr-2   Home directory: '/home/nameer/.config/VirtualBox'
00:00:00.117808 nspr-2   Loading settings file "/home/nameer/.config/VirtualBox/VirtualBox.xml" with version "1.12-linux"
00:00:00.127205 nspr-2   Successfully initialised host USB using sysfs
00:00:00.136384 nspr-2   NetIfAdpCtlOut: VBoxNetAdpCtl: Error while retrieving link status for wlp1s0f0u7: VBoxNetAdpCtl: ioctl failed: Operation not supported
00:00:00.137586 nspr-2   HostDnsMonitor: initializing
00:00:00.137735 nspr-2   NAT: resolv.conf: nameserver 218.248.112.116
00:00:00.137744 nspr-2   NAT: resolv.conf: nameserver 218.248.112.97
00:00:00.137754 nspr-2   HostDnsMonitor: updating information
00:00:00.137767 nspr-2   HostDnsMonitor: old information
00:00:00.137771 nspr-2     no server entries
00:00:00.137774 nspr-2     no domain set
00:00:00.137777 nspr-2     no search string entries
00:00:00.137780 nspr-2   HostDnsMonitor: new information
00:00:00.137783 nspr-2     server 1: 218.248.112.116
00:00:00.137786 nspr-2     server 2: 218.248.112.97
00:00:00.137790 nspr-2     no domain set
00:00:00.137792 nspr-2     no search string entries
00:00:00.166870 nspr-2   VD: VDInit finished with VINF_SUCCESS
00:00:00.168284 nspr-2   ERROR [COM]: aRC=NS_ERROR_FAILURE (0x80004005) aIID={027bc463-929c-40e8-bf16-fea557cd8e7e} aComponent={SystemPropertiesWrap} aText={Cannot determine default Guest Additions ISO location. Most likely they are not available}, preserve=false aResultDetail=0
00:00:00.179395 nspr-2   Loading settings file "/home/nameer/.Genymobile/Genymotion/deployed/Samsung A50/Samsung A50.vbox" with version "1.12-linux"
00:00:00.181216 nspr-2   Loading settings file "/home/nameer/VirtualBox VMs/Arch/Arch.vbox" with version "1.16-linux"
00:00:00.185378 nspr-2   OCI: Local config file '/home/nameer/.config/VirtualBox/oci_config' does not exist
00:00:00.185403 nspr-2   OCI: Original config file '/home/nameer/.oci/config' does not exist
00:00:00.185406 nspr-2   OCI: Reading profiles finished with status NS_OK
00:00:00.185996 nspr-2   ExtPack: Created cloud provider 'OCI' (hrc=NS_OK)
00:00:00.186025 nspr-2   VirtualBox: object created
00:00:06.563456 nspr-2   NetIfAdpCtlOut: VBoxNetAdpCtl: Error while retrieving link status for wlp1s0f0u7: VBoxNetAdpCtl: ioctl failed: Operation not supported
00:00:06.582692 nspr-2   NetIfAdpCtlOut: VBoxNetAdpCtl: Error while retrieving link status for wlp1s0f0u7: VBoxNetAdpCtl: ioctl failed: Operation not supported
00:00:42.133810 nspr-5   Saving settings file "/home/nameer/.config/VirtualBox/VirtualBox.xml" with version "1.12-linux"
00:00:42.153458 nspr-4   Saving settings file "/home/nameer/.config/VirtualBox/VirtualBox.xml" with version "1.12-linux"
00:00:42.158845 nspr-5   Saving settings file "/home/nameer/.config/VirtualBox/VirtualBox.xml" with version "1.12-linux"
00:00:47.672768 main     VirtualBox: object deletion starts
00:00:47.672827 main     ERROR [COM]: aRC=VBOX_E_OBJECT_IN_USE (0x80bb000c) aIID={ad47ad09-787b-44ab-b343-a082a3f2dfb1} aComponent={MediumWrap} aText={Medium '/home/nameer/.Genymobile/Genymotion/deployed/Samsung A50/Snapshots/{ed29628f-2d18-45e3-b95d-3ca8af192a94}.vmdk' cannot be closed because it is still attached to 1 virtual machines}, preserve=false aResultDetail=0
00:00:47.672884 main     ERROR [COM]: aRC=VBOX_E_OBJECT_IN_USE (0x80bb000c) aIID={ad47ad09-787b-44ab-b343-a082a3f2dfb1} aComponent={MediumWrap} aText={Medium '/home/nameer/.Genymobile/Genymotion/deployed/Samsung A50/android_system_disk.vmdk' cannot be closed because it is still attached to 1 virtual machines}, preserve=false aResultDetail=0
00:00:47.672906 main     ERROR [COM]: aRC=VBOX_E_OBJECT_IN_USE (0x80bb000c) aIID={ad47ad09-787b-44ab-b343-a082a3f2dfb1} aComponent={MediumWrap} aText={Medium '/home/nameer/.Genymobile/Genymotion/deployed/Samsung A50/Snapshots/{bd7c0627-9439-463a-8d87-6feeb4442478}.vmdk' cannot be closed because it is still attached to 1 virtual machines}, preserve=false aResultDetail=0
00:00:47.672923 main     ERROR [COM]: aRC=VBOX_E_OBJECT_IN_USE (0x80bb000c) aIID={ad47ad09-787b-44ab-b343-a082a3f2dfb1} aComponent={MediumWrap} aText={Medium '/home/nameer/.Genymobile/Genymotion/deployed/Samsung A50/android_data_disk.vmdk' cannot be closed because it is still attached to 1 virtual machines}, preserve=false aResultDetail=0
00:00:47.673189 main     ERROR [COM]: aRC=VBOX_E_OBJECT_IN_USE (0x80bb000c) aIID={ad47ad09-787b-44ab-b343-a082a3f2dfb1} aComponent={MediumWrap} aText={Medium '/home/nameer/VirtualBox VMs/Arch/Arch.vdi' cannot be closed because it is still attached to 1 virtual machines}, preserve=false aResultDetail=0
00:00:47.673621 main     HostDnsMonitor: shutting down ...
00:00:47.682048 main     HostDnsMonitor: shut down
00:00:47.685639 Watcher  ERROR [COM]: aRC=E_ACCESSDENIED (0x80070005) aIID={d0a0163f-e254-4e5b-a1f2-011cf991c38d} aComponent={VirtualBoxWrap} aText={The object is not ready}, preserve=false aResultDetail=0
00:00:52.698817 main     {00007f1ee8018230} HostPowerServiceLinux::~HostPowerServiceLinux: RTThreadWait() for 5000 ms failed with VERR_TIMEOUT
00:00:52.699215 main     VirtualBox: object deleted
